Start testing: Oct 01 23:45 MSK
----------------------------------------------------------
1/2 Testing: HelloTest.BasicAssertions
1/2 Test: HelloTest.BasicAssertions
Command: "/home/mash/Рабочий стол/Code/learning/test_project/build/lib/test/tests_runner" "--gtest_filter=HelloTest.BasicAssertions" "--gtest_also_run_disabled_tests"
Directory: /home/mash/Рабочий стол/Code/learning/test_project/build/lib/test
"HelloTest.BasicAssertions" start time: Oct 01 23:45 MSK
Output:
----------------------------------------------------------
Note: Google Test filter = HelloTest.BasicAssertions
[==========] Running 1 test from 1 test suite.
[----------] Global test environment set-up.
[----------] 1 test from HelloTest
[ RUN      ] HelloTest.BasicAssertions
/home/mash/Рабочий стол/Code/learning/test_project/lib/test/test_first.cpp:9: Failure
Expected equality of these values:
  my_sum<int>(40, 1)
    Which is: 41
  42
[  FAILED  ] HelloTest.BasicAssertions (0 ms)
[----------] 1 test from HelloTest (0 ms total)

[----------] Global test environment tear-down
[==========] 1 test from 1 test suite ran. (0 ms total)
[  PASSED  ] 0 tests.
[  FAILED  ] 1 test, listed below:
[  FAILED  ] HelloTest.BasicAssertions

 1 FAILED TEST
<end of output>
Test time =   0.00 sec
----------------------------------------------------------
Test Failed.
"HelloTest.BasicAssertions" end time: Oct 01 23:45 MSK
"HelloTest.BasicAssertions" time elapsed: 00:00:00
----------------------------------------------------------

2/2 Testing: test_case_name.test_name
2/2 Test: test_case_name.test_name
Command: "/home/mash/Рабочий стол/Code/learning/test_project/build/lib/test/tests_runner" "--gtest_filter=test_case_name.test_name" "--gtest_also_run_disabled_tests"
Directory: /home/mash/Рабочий стол/Code/learning/test_project/build/lib/test
"test_case_name.test_name" start time: Oct 01 23:45 MSK
Output:
----------------------------------------------------------
Note: Google Test filter = test_case_name.test_name
[==========] Running 1 test from 1 test suite.
[----------] Global test environment set-up.
[----------] 1 test from test_case_name
[ RUN      ] test_case_name.test_name
[       OK ] test_case_name.test_name (0 ms)
[----------] 1 test from test_case_name (0 ms total)

[----------] Global test environment tear-down
[==========] 1 test from 1 test suite ran. (0 ms total)
[  PASSED  ] 1 test.
<end of output>
Test time =   0.00 sec
----------------------------------------------------------
Test Passed.
"test_case_name.test_name" end time: Oct 01 23:45 MSK
"test_case_name.test_name" time elapsed: 00:00:00
----------------------------------------------------------

End testing: Oct 01 23:45 MSK
